app/build/intermediates/manifest_merge_blame_file/debug/processDebugMainManifest/manifest-merger-blame-debug-report.txt
1<?xml version="1.0" encoding="utf-8"?>
2<manifest xmlns:android="http://schemas.android.com/apk/res/android"
3    package="com.example.hyynnstore"
4    android:versionCode="1"
5    android:versionName="1.0" >
6
7    <uses-sdk
8        android:minSdkVersion="23"
9        android:targetSdkVersion="35" />
10
11    <uses-permission
11-->src\main\AndroidManifest.xml:2:5-107
12        android:name="android.permission.READ_EXTERNAL_STORAGE"
12-->src\main\AndroidManifest.xml:2:22-77
13        android:maxSdkVersion="32" />
13-->src\main\AndroidManifest.xml:2:78-104
14
15    <application
15-->src\main\AndroidManifest.xml:3:5-28:19
16        android:allowBackup="true"
16-->src\main\AndroidManifest.xml:3:86-112
17        android:debuggable="true"
18        android:extractNativeLibs="false"
19        android:label="Hyynn Store"
19-->src\main\AndroidManifest.xml:3:58-85
20        android:supportsRtl="true"
20-->src\main\AndroidManifest.xml:3:113-139
21        android:testOnly="true"
22        android:theme="@style/Theme.HyynnStore" >
22-->src\main\AndroidManifest.xml:3:18-57
23        <activity android:name="com.example.hyynnstore.activity.AdminBannersActivity" />
23-->src\main\AndroidManifest.xml:4:9-67
23-->src\main\AndroidManifest.xml:4:19-64
24        <activity android:name="com.example.hyynnstore.activity.AdminProductReportsActivity" />
24-->src\main\AndroidManifest.xml:5:9-74
24-->src\main\AndroidManifest.xml:5:19-71
25        <activity android:name="com.example.hyynnstore.activity.AdminCategoriesActivity" />
25-->src\main\AndroidManifest.xml:6:9-70
25-->src\main\AndroidManifest.xml:6:19-67
26        <activity android:name="com.example.hyynnstore.activity.AdminNotificationsActivity" />
26-->src\main\AndroidManifest.xml:7:9-73
26-->src\main\AndroidManifest.xml:7:19-70
27        <activity android:name="com.example.hyynnstore.activity.NotificationActivity" />
27-->src\main\AndroidManifest.xml:8:9-67
27-->src\main\AndroidManifest.xml:8:19-64
28        <activity android:name="com.example.hyynnstore.activity.AdminReviewsActivity" />
28-->src\main\AndroidManifest.xml:9:9-67
28-->src\main\AndroidManifest.xml:9:19-64
29        <activity android:name="com.example.hyynnstore.activity.AdminUsersActivity" />
29-->src\main\AndroidManifest.xml:10:9-65
29-->src\main\AndroidManifest.xml:10:19-62
30        <activity android:name="com.example.hyynnstore.activity.AdminOrdersActivity" />
30-->src\main\AndroidManifest.xml:11:9-66
30-->src\main\AndroidManifest.xml:11:19-63
31        <activity
31-->src\main\AndroidManifest.xml:12:9-114
32            android:name="com.example.hyynnstore.activity.AdminProductFormActivity"
32-->src\main\AndroidManifest.xml:12:19-68
33            android:windowSoftInputMode="adjustResize" />
33-->src\main\AndroidManifest.xml:12:69-111
34        <activity android:name="com.example.hyynnstore.activity.AdminProductsActivity" />
34-->src\main\AndroidManifest.xml:13:9-68
34-->src\main\AndroidManifest.xml:13:19-65
35        <activity android:name="com.example.hyynnstore.activity.AdminDashboardActivity" />
35-->src\main\AndroidManifest.xml:14:9-69
35-->src\main\AndroidManifest.xml:14:19-66
36        <activity android:name="com.example.hyynnstore.activity.InfoActivity" />
36-->src\main\AndroidManifest.xml:15:9-59
36-->src\main\AndroidManifest.xml:15:19-56
37        <activity android:name="com.example.hyynnstore.activity.PaymentActivity" />
37-->src\main\AndroidManifest.xml:16:9-62
37-->src\main\AndroidManifest.xml:16:19-59
38        <activity android:name="com.example.hyynnstore.activity.CartActivity" />
38-->src\main\AndroidManifest.xml:17:9-59
38-->src\main\AndroidManifest.xml:17:19-56
39        <activity android:name="com.example.hyynnstore.activity.DetailActivity" />
39-->src\main\AndroidManifest.xml:18:9-61
39-->src\main\AndroidManifest.xml:18:19-58
40        <activity android:name="com.example.hyynnstore.activity.HomeActivity" />
40-->src\main\AndroidManifest.xml:19:9-59
40-->src\main\AndroidManifest.xml:19:19-56
41        <activity android:name="com.example.hyynnstore.activity.ForgotPasswordActivity" />
41-->src\main\AndroidManifest.xml:20:9-69
41-->src\main\AndroidManifest.xml:20:19-66
42        <activity android:name="com.example.hyynnstore.activity.RegisterActivity" />
42-->src\main\AndroidManifest.xml:21:9-63
42-->src\main\AndroidManifest.xml:21:19-60
43        <activity
43-->src\main\AndroidManifest.xml:22:9-27:20
44            android:name="com.example.hyynnstore.activity.LoginActivity"
44-->src\main\AndroidManifest.xml:22:19-57
45            android:exported="true" >
45-->src\main\AndroidManifest.xml:22:58-81
46            <intent-filter>
46-->src\main\AndroidManifest.xml:23:13-26:29
47                <action android:name="android.intent.action.MAIN" />
47-->src\main\AndroidManifest.xml:24:17-69
47-->src\main\AndroidManifest.xml:24:25-66
48
49                <category android:name="android.intent.category.LAUNCHER" />
49-->src\main\AndroidManifest.xml:25:17-77
49-->src\main\AndroidManifest.xml:25:27-74
50            </intent-filter>
51        </activity>
52    </application>
53
54</manifest>